<?xml version="1.0" encoding="UTF-8"?>
<testsuite name="Search Charizard data and search it information" tests="8" skipped="0" failures="0" errors="0" timestamp="2020-04-30T12:16:37" hostname="Bilals-MacBook-Pro.local" time="14.542">
  <properties/>
  <testcase name="User get the name and id data of pokemon with name &quot;Charizard&quot;" classname="Search Charizard data and search it information" time="9.326"/>
  <testcase name="User open Google search-page" classname="Search Charizard data and search it information" time="1.339"/>
  <testcase name="User input &quot;Charizard&quot; Wikipedia Indonesia on input search bar on Google search-page" classname="Search Charizard data and search it information" time="0.337"/>
  <testcase name="User press ENTER key on input search bar" classname="Search Charizard data and search it information" time="1.654"/>
  <testcase name="User click the first article of &quot;Charizard&quot; on the result-page" classname="Search Charizard data and search it information" time="1.44"/>
  <testcase name="User see pokemon article with the pokemon name same as API Data" classname="Search Charizard data and search it information" time="0.24"/>
  <testcase name="User see pokemon article with the pokemon ID same as API Data" classname="Search Charizard data and search it information" time="0.107"/>
  <testcase name="classMethod" classname="Search Charizard data and search it information" time="15.904"/>
  <system-out><![CDATA[Request method:	GET
Request URI:	https://pokeapi.co/api/v2/pokemon/charizard
Proxy:			<none>
Request params:	<none>
Query params:	<none>
Form params:	<none>
Path params:	<none>
Headers:		Accept=*/*
				Content-Type=application/json; charset=UTF-8
Cookies:		<none>
Multiparts:		<none>
Body:			<none>
]]></system-out>
  <system-err><![CDATA[Starting ChromeDriver 81.0.4044.69 (6813546031a4bc83f717a2ef7cd4ac6ec1199132-refs/branch-heads/4044@{#776}) on port 16323
Only local connections are allowed.
Please protect ports used by ChromeDriver and related test frameworks to prevent access by malicious code.
Apr 30, 2020 7:16:37 PM org.openqa.selenium.remote.ProtocolHandshake createSession
INFO: Detected dialect: W3C
[1588249007.891][SEVERE]: Timed out receiving message from renderer: 0.100
[1588249008.082][SEVERE]: Timed out receiving message from renderer: 0.100
[1588249008.312][SEVERE]: Timed out receiving message from renderer: 0.100
[1588249008.548][SEVERE]: Timed out receiving message from renderer: 0.100
[1588249009.687][SEVERE]: Timed out receiving message from renderer: 0.100
[1588249009.789][SEVERE]: Timed out receiving message from renderer: 0.100
[1588249009.928][SEVERE]: Timed out receiving message from renderer: 0.100
[1588249010.208][SEVERE]: Timed out receiving message from renderer: 0.100
[1588249010.489][SEVERE]: Timed out receiving message from renderer: 0.100
[1588249011.445][SEVERE]: Timed out receiving message from renderer: 0.100
[1588249011.816][SEVERE]: Timed out receiving message from renderer: 0.100
[1588249011.957][SEVERE]: Timed out receiving message from renderer: 0.100
]]></system-err>
</testsuite>
