<?xml version="1.0" encoding="UTF-8"?>
<testsuite name="Clearing when there is only 1 To-Do list" tests="5" skipped="0" failures="0" errors="0" timestamp="2020-04-30T08:30:40" hostname="Bilals-MacBook-Pro.local" time="14.096">
  <properties/>
  <testcase name="there is one to do task on to do home page with the title of &quot;Going to shopping&quot;" classname="Clearing when there is only 1 To-Do list" time="7.714"/>
  <testcase name="User press more options menu" classname="Clearing when there is only 1 To-Do list" time="0.2"/>
  <testcase name="User press clear completed text" classname="Clearing when there is only 1 To-Do list" time="4.569"/>
  <testcase name="Complete task is cleared" classname="Clearing when there is only 1 To-Do list" time="0.003"/>
  <testcase name="classMethod" classname="Clearing when there is only 1 To-Do list" time="31.67"/>
  <system-out><![CDATA[]]></system-out>
  <system-err><![CDATA[Apr 30, 2020 3:30:40 PM io.appium.java_client.remote.AppiumCommandExecutor$1 lambda$0
INFO: Detected dialect: W3C
]]></system-err>
</testsuite>
